[INFO  - 2018-07-21T06:23:54.463Z] GhostDriver - Main - running on port 51326
[INFO  - 2018-07-21T06:23:56.605Z] Session [a5a481a0-8cae-11e8-841a-537ef4c6a847] - page.settings - {"XSSAuditingEnabled":false,"javascriptCanCloseWindows":true,"javascriptCanOpenWindows":true,"javascriptEnabled":true,"loadImages":true,"localToRemoteUrlAccessEnabled":false,"userAgent":"Mozilla/5.0 (Windows NT 6.2; WOW64) AppleWebKit/538.1 (KHTML, like Gecko) PhantomJS/2.1.1 Safari/538.1","webSecurityEnabled":true}
[INFO  - 2018-07-21T06:23:56.605Z] Session [a5a481a0-8cae-11e8-841a-537ef4c6a847] - page.customHeaders:  - {}
[INFO  - 2018-07-21T06:23:56.605Z] Session [a5a481a0-8cae-11e8-841a-537ef4c6a847] - Session.negotiatedCapabilities - {"browserName":"phantomjs","version":"2.1.1","driverName":"ghostdriver","driverVersion":"1.2.0","platform":"windows-10-32bit","javascriptEnabled":true,"takesScreenshot":true,"handlesAlerts":false,"databaseEnabled":false,"locationContextEnabled":false,"applicationCacheEnabled":false,"browserConnectionEnabled":false,"cssSelectorsEnabled":true,"webStorageEnabled":false,"rotatable":false,"acceptSslCerts":false,"nativeEvents":true,"proxy":{"proxyType":"direct"}}
[INFO  - 2018-07-21T06:23:56.605Z] SessionManagerReqHand - _postNewSessionCommand - New Session Created: a5a481a0-8cae-11e8-841a-537ef4c6a847
[ERROR - 2018-07-21T06:23:57.810Z] Session [a5a481a0-8cae-11e8-841a-537ef4c6a847] - page.onError - msg: ReferenceError: Can't find variable: etag_ngx_str

  phantomjs://platform/console++.js:263 in error
[ERROR - 2018-07-21T06:23:57.811Z] Session [a5a481a0-8cae-11e8-841a-537ef4c6a847] - page.onError - stack:
  global code (http://beacon.sina.com.cn/h.js:1)

  phantomjs://platform/console++.js:263 in error
[ERROR - 2018-07-21T06:23:58.835Z] Session [a5a481a0-8cae-11e8-841a-537ef4c6a847] - page.onError - msg: TypeError: null is not an object (evaluating 'this.elem.innerHTML=this._menuTpl')

  phantomjs://platform/console++.js:263 in error
[ERROR - 2018-07-21T06:23:58.836Z] Session [a5a481a0-8cae-11e8-841a-537ef4c6a847] - page.onError - stack:
  render (http://news.sina.com.cn/sso/user_panel_homepage.js:1)
  render (http://news.sina.com.cn/sso/user_panel_homepage.js:1)
  constructor (http://news.sina.com.cn/sso/user_panel_homepage.js:1)
  constructor (http://news.sina.com.cn/sso/user_panel_homepage.js:1)
  constructor (http://news.sina.com.cn/sso/user_panel_homepage.js:1)
  (anonymous function) (http://news.sina.com.cn/sso/user_panel_homepage.js:1)
  (anonymous function) (http://news.sina.com.cn/sso/user_panel_homepage.js:1)

  phantomjs://platform/console++.js:263 in error
[ERROR - 2018-07-21T06:23:59.430Z] RouterReqHand - _handle.error - {"name":"Missing Command Parameter","message":"{\"headers\":{\"Accept\":\"application/json\",\"Accept-Encoding\":\"identity\",\"Connection\":\"close\",\"Content-Length\":\"71\",\"Content-Type\":\"application/json;charset=UTF-8\",\"Host\":\"127.0.0.1:51326\",\"User-Agent\":\"selenium/3.13.0 (python windows)\"},\"httpVersion\":\"1.1\",\"method\":\"POST\",\"post\":\"{\\\"pageLoad\\\": 6000, \\\"sessionId\\\": \\\"a5a481a0-8cae-11e8-841a-537ef4c6a847\\\"}\",\"url\":\"/timeouts\",\"urlParsed\":{\"anchor\":\"\",\"query\":\"\",\"file\":\"timeouts\",\"directory\":\"/\",\"path\":\"/timeouts\",\"relative\":\"/timeouts\",\"port\":\"\",\"host\":\"\",\"password\":\"\",\"user\":\"\",\"userInfo\":\"\",\"authority\":\"\",\"protocol\":\"\",\"source\":\"/timeouts\",\"queryKey\":{},\"chunks\":[\"timeouts\"]},\"urlOriginal\":\"/session/a5a481a0-8cae-11e8-841a-537ef4c6a847/timeouts\"}","line":546,"sourceURL":"phantomjs://code/session_request_handler.js","stack":"_postTimeout@phantomjs://code/session_request_handler.js:546:73\n_handle@phantomjs://code/session_request_handler.js:148:25\n_reroute@phantomjs://code/request_handler.js:61:20\n_handle@phantomjs://code/router_request_handler.js:78:46"}

  phantomjs://platform/console++.js:263 in error
